<?xml version="1.0" encoding="UTF-8"?>
<testng-results ignored="0" total="1" passed="1" failed="0" skipped="0">
  <reporter-output>
  </reporter-output>
  <suite started-at="2024-10-01T16:48:32 GMT-04:00" name="All Test Suite" finished-at="2024-10-01T16:48:35 GMT-04:00" duration-ms="2565">
    <groups>
    </groups>
    <test started-at="2024-10-01T16:48:32 GMT-04:00" name="C:/Users/Priya/IdeaProjects/POMDemoSample/src/test/java/TestScenarios/TestMethods_GoogleSearch.java" finished-at="2024-10-01T16:48:35 GMT-04:00" duration-ms="2565">
      <class name="TestScenarios.TestMethods_GoogleSearch">
        <test-method is-config="true" signature="beforeTest()[pri:0, instance:TestScenarios.TestMethods_GoogleSearch@59309333]" started-at="2024-10-01T16:48:32 GMT-04:00" name="beforeTest" finished-at="2024-10-01T16:48:34 GMT-04:00" duration-ms="2106" status="PASS">
          <reporter-output>
          </reporter-output>
        </test-method> <!-- beforeTest -->
        <test-method signature="searchTest()[pri:0, instance:TestScenarios.TestMethods_GoogleSearch@59309333]" started-at="2024-10-01T16:48:34 GMT-04:00" name="searchTest" finished-at="2024-10-01T16:48:35 GMT-04:00" duration-ms="248" status="PASS">
          <reporter-output>
          </reporter-output>
        </test-method> <!-- searchTest -->
        <test-method is-config="true" signature="afterTest()[pri:0, instance:TestScenarios.TestMethods_GoogleSearch@59309333]" started-at="2024-10-01T16:48:35 GMT-04:00" name="afterTest" finished-at="2024-10-01T16:48:35 GMT-04:00" duration-ms="181" status="PASS">
          <reporter-output>
          </reporter-output>
        </test-method> <!-- afterTest -->
      </class> <!-- TestScenarios.TestMethods_GoogleSearch -->
    </test> <!-- C:/Users/Priya/IdeaProjects/POMDemoSample/src/test/java/TestScenarios/TestMethods_GoogleSearch.java -->
  </suite> <!-- All Test Suite -->
</testng-results>
